<?xml version="1.0" encoding="UTF-8"?>
<coverage generated="1637629719860" clover="3.2.0">
  <project timestamp="1637629719860" name="All files">
    <metrics statements="120" coveredstatements="119" conditionals="28" coveredconditionals="27" methods="28" coveredmethods="27" elements="176" coveredelements="173" complexity="0" loc="120" ncloc="120" packages="5" files="12" classes="12"/>
    <package name="components.Grid">
      <metrics statements="41" coveredstatements="41" conditionals="14" coveredconditionals="13" methods="11" coveredmethods="11"/>
      <file name="Cell.tsx" path="/home/alan/dev/courses/1/course--hands-on--react/src/components/Grid/Cell.tsx">
        <metrics statements="33" coveredstatements="33" conditionals="14" coveredconditionals="13" methods="7" coveredmethods="7"/>
        <line num="1" count="2" type="stmt"/>
        <line num="3" count="2" type="stmt"/>
        <line num="4" count="2" type="stmt"/>
        <line num="25" count="2" type="stmt"/>
        <line num="26" count="50" type="stmt"/>
        <line num="28" count="2" type="stmt"/>
        <line num="29" count="183" type="stmt"/>
        <line num="31" count="183" type="stmt"/>
        <line num="35" count="26" type="stmt"/>
        <line num="36" count="26" type="cond" truecount="1" falsecount="0"/>
        <line num="37" count="6" type="stmt"/>
        <line num="41" count="183" type="cond" truecount="2" falsecount="0"/>
        <line num="43" count="183" type="stmt"/>
        <line num="53" count="183" type="stmt"/>
        <line num="67" count="2" type="stmt"/>
        <line num="68" count="183" type="stmt"/>
        <line num="73" count="183" type="cond" truecount="6" falsecount="0"/>
        <line num="75" count="33" type="stmt"/>
        <line num="77" count="12" type="stmt"/>
        <line num="79" count="20" type="stmt"/>
        <line num="85" count="3" type="stmt"/>
        <line num="91" count="3" type="stmt"/>
        <line num="97" count="112" type="stmt"/>
        <line num="105" count="2" type="stmt"/>
        <line num="116" count="183" type="cond" truecount="1" falsecount="1"/>
        <line num="122" count="2" type="stmt"/>
        <line num="123" count="2" type="stmt"/>
        <line num="139" count="2" type="stmt"/>
        <line num="142" count="165" type="cond" truecount="2" falsecount="0"/>
        <line num="148" count="2" type="stmt"/>
        <line num="155" count="2" type="stmt"/>
        <line num="159" count="2" type="stmt"/>
        <line num="167" count="2" type="stmt"/>
      </file>
      <file name="Grid.tsx" path="/home/alan/dev/courses/1/course--hands-on--react/src/components/Grid/Grid.tsx">
        <metrics statements="8" coveredstatements="8" conditionals="0" coveredconditionals="0" methods="4" coveredmethods="4"/>
        <line num="2" count="1" type="stmt"/>
        <line num="5" count="1" type="stmt"/>
        <line num="21" count="1" type="stmt"/>
        <line num="22" count="1" type="stmt"/>
        <line num="24" count="12" type="stmt"/>
        <line num="25" count="144" type="stmt"/>
        <line num="41" count="1" type="stmt"/>
        <line num="43" count="1" type="stmt"/>
      </file>
    </package>
    <package name="components.Scoreboard">
      <metrics statements="23" coveredstatements="23" conditionals="2" coveredconditionals="2" methods="5" coveredmethods="5"/>
      <file name="Counter.tsx" path="/home/alan/dev/courses/1/course--hands-on--react/src/components/Scoreboard/Counter.tsx">
        <metrics statements="4" coveredstatements="4" conditionals="0" coveredconditionals="0" methods="1" coveredmethods="1"/>
        <line num="1" count="2" type="stmt"/>
        <line num="11" count="2" type="stmt"/>
        <line num="12" count="3" type="stmt"/>
        <line num="15" count="2" type="stmt"/>
      </file>
      <file name="Level.tsx" path="/home/alan/dev/courses/1/course--hands-on--react/src/components/Scoreboard/Level.tsx">
        <metrics statements="6" coveredstatements="6" conditionals="0" coveredconditionals="0" methods="2" coveredmethods="2"/>
        <line num="1" count="2" type="stmt"/>
        <line num="11" count="2" type="stmt"/>
        <line num="12" count="2" type="stmt"/>
        <line num="13" count="6" type="stmt"/>
        <line num="17" count="2" type="stmt"/>
        <line num="26" count="2" type="stmt"/>
      </file>
      <file name="Reset.tsx" path="/home/alan/dev/courses/1/course--hands-on--react/src/components/Scoreboard/Reset.tsx">
        <metrics statements="6" coveredstatements="6" conditionals="2" coveredconditionals="2" methods="1" coveredmethods="1"/>
        <line num="1" count="2" type="stmt"/>
        <line num="3" count="2" type="stmt"/>
        <line num="12" count="2" type="stmt"/>
        <line num="13" count="11" type="stmt"/>
        <line num="15" count="11" type="stmt"/>
        <line num="27" count="2" type="stmt"/>
      </file>
      <file name="ScoreBoard.tsx" path="/home/alan/dev/courses/1/course--hands-on--react/src/components/Scoreboard/ScoreBoard.tsx">
        <metrics statements="7" coveredstatements="7" conditionals="0" coveredconditionals="0" methods="1" coveredmethods="1"/>
        <line num="1" count="1" type="stmt"/>
        <line num="3" count="1" type="stmt"/>
        <line num="4" count="1" type="stmt"/>
        <line num="5" count="1" type="stmt"/>
        <line num="26" count="1" type="stmt"/>
        <line num="32" count="1" type="stmt"/>
        <line num="40" count="1" type="stmt"/>
      </file>
    </package>
    <package name="components.Top">
      <metrics statements="15" coveredstatements="15" conditionals="0" coveredconditionals="0" methods="2" coveredmethods="2"/>
      <file name="GameName.tsx" path="/home/alan/dev/courses/1/course--hands-on--react/src/components/Top/GameName.tsx">
        <metrics statements="2" coveredstatements="2" conditionals="0" coveredconditionals="0" methods="0" coveredmethods="0"/>
        <line num="1" count="2" type="stmt"/>
        <line num="10" count="2" type="stmt"/>
      </file>
      <file name="Legend.tsx" path="/home/alan/dev/courses/1/course--hands-on--react/src/components/Top/Legend.tsx">
        <metrics statements="7" coveredstatements="7" conditionals="0" coveredconditionals="0" methods="1" coveredmethods="1"/>
        <line num="2" count="2" type="stmt"/>
        <line num="19" count="2" type="stmt"/>
        <line num="24" count="2" type="stmt"/>
        <line num="33" count="2" type="stmt"/>
        <line num="37" count="2" type="stmt"/>
        <line num="43" count="2" type="stmt"/>
        <line num="47" count="2" type="stmt"/>
      </file>
      <file name="Top.tsx" path="/home/alan/dev/courses/1/course--hands-on--react/src/components/Top/Top.tsx">
        <metrics statements="6" coveredstatements="6" conditionals="0" coveredconditionals="0" methods="1" coveredmethods="1"/>
        <line num="1" count="1" type="stmt"/>
        <line num="3" count="1" type="stmt"/>
        <line num="4" count="1" type="stmt"/>
        <line num="8" count="1" type="stmt"/>
        <line num="9" count="1" type="stmt"/>
        <line num="15" count="1" type="stmt"/>
      </file>
    </package>
    <package name="components.hooks">
      <metrics statements="8" coveredstatements="7" conditionals="0" coveredconditionals="0" methods="4" coveredmethods="3"/>
      <file name="useMouse.ts" path="/home/alan/dev/courses/1/course--hands-on--react/src/components/hooks/useMouse.ts">
        <metrics statements="8" coveredstatements="7" conditionals="0" coveredconditionals="0" methods="4" coveredmethods="3"/>
        <line num="1" count="5" type="stmt"/>
        <line num="6" count="5" type="stmt"/>
        <line num="7" count="198" type="stmt"/>
        <line num="9" count="198" type="stmt"/>
        <line num="11" count="0" type="stmt"/>
        <line num="14" count="198" type="stmt"/>
        <line num="15" count="198" type="stmt"/>
        <line num="17" count="198" type="stmt"/>
      </file>
    </package>
    <package name="helpers">
      <metrics statements="33" coveredstatements="33" conditionals="12" coveredconditionals="12" methods="6" coveredmethods="6"/>
      <file name="CellsManipulator.ts" path="/home/alan/dev/courses/1/course--hands-on--react/src/helpers/CellsManipulator.ts">
        <metrics statements="13" coveredstatements="13" conditionals="6" coveredconditionals="6" methods="3" coveredmethods="3"/>
        <line num="3" count="4" type="stmt"/>
        <line num="6" count="41" type="stmt"/>
        <line num="17" count="4" type="stmt"/>
        <line num="18" count="319" type="cond" truecount="4" falsecount="0"/>
        <line num="20" count="4" type="stmt"/>
        <line num="21" count="39" type="stmt"/>
        <line num="23" count="39" type="stmt"/>
        <line num="24" count="312" type="cond" truecount="1" falsecount="0"/>
        <line num="25" count="223" type="stmt"/>
        <line num="26" count="223" type="stmt"/>
        <line num="27" count="223" type="cond" truecount="1" falsecount="0"/>
        <line num="28" count="191" type="stmt"/>
        <line num="33" count="39" type="stmt"/>
      </file>
      <file name="Field.ts" path="/home/alan/dev/courses/1/course--hands-on--react/src/helpers/Field.ts">
        <metrics statements="20" coveredstatements="20" conditionals="6" coveredconditionals="6" methods="3" coveredmethods="3"/>
        <line num="1" count="4" type="stmt"/>
        <line num="6" count="4" type="stmt"/>
        <line num="14" count="4" type="stmt"/>
        <line num="17" count="34" type="stmt"/>
        <line num="19" count="4" type="stmt"/>
        <line num="20" count="8" type="cond" truecount="3" falsecount="0"/>
        <line num="21" count="2" type="stmt"/>
        <line num="24" count="6" type="stmt"/>
        <line num="25" count="6" type="stmt"/>
        <line num="27" count="6" type="stmt"/>
        <line num="29" count="6" type="stmt"/>
        <line num="30" count="17" type="stmt"/>
        <line num="31" count="111" type="cond" truecount="1" falsecount="0"/>
        <line num="32" count="3" type="stmt"/>
        <line num="34" count="108" type="cond" truecount="1" falsecount="0"/>
        <line num="35" count="32" type="stmt"/>
        <line num="36" count="32" type="stmt"/>
        <line num="37" count="32" type="stmt"/>
        <line num="39" count="108" type="stmt"/>
        <line num="43" count="3" type="stmt"/>
      </file>
    </package>
  </project>
</coverage>
