{"/home/alan/dev/courses/1/course--hands-on--react/src/components/hooks/useMouse.ts": {"path":"/home/alan/dev/courses/1/course--hands-on--react/src/components/hooks/useMouse.ts","statementMap":{"0":{"start":{"line":1,"column":0},"end":{"line":1,"column":48}},"1":{"start":{"line":6,"column":24},"end":{"line":18,"column":1}},"2":{"start":{"line":7,"column":36},"end":{"line":7,"column":51}},"3":{"start":{"line":9,"column":2},"end":{"line":12,"column":4}},"4":{"start":{"line":11,"column":13},"end":{"line":11,"column":50}},"5":{"start":{"line":14,"column":22},"end":{"line":14,"column":46}},"6":{"start":{"line":14,"column":28},"end":{"line":14,"column":46}},"7":{"start":{"line":15,"column":20},"end":{"line":15,"column":45}},"8":{"start":{"line":15,"column":26},"end":{"line":15,"column":45}},"9":{"start":{"line":17,"column":2},"end":{"line":17,"column":45}},"10":{"start":{"line":6,"column":13},"end":{"line":6,"column":24}}},"fnMap":{"0":{"name":"(anonymous_0)","decl":{"start":{"line":6,"column":24},"end":{"line":6,"column":76}},"loc":{"start":{"line":6,"column":78},"end":{"line":18,"column":1}}},"1":{"name":"(anonymous_1)","decl":{"start":{"line":11,"column":4},"end":{"line":11,"column":5}},"loc":{"start":{"line":11,"column":13},"end":{"line":11,"column":50}}},"2":{"name":"(anonymous_2)","decl":{"start":{"line":14,"column":22},"end":{"line":14,"column":25}},"loc":{"start":{"line":14,"column":28},"end":{"line":14,"column":46}}},"3":{"name":"(anonymous_3)","decl":{"start":{"line":15,"column":20},"end":{"line":15,"column":23}},"loc":{"start":{"line":15,"column":26},"end":{"line":15,"column":45}}}},"branchMap":{},"s":{"0":1,"1":1,"2":4,"3":4,"4":0,"5":4,"6":2,"7":4,"8":1,"9":4,"10":1},"f":{"0":4,"1":0,"2":2,"3":1},"b":{}}
}
