{"/home/alan/dev/courses/1/course--hands-on--react/.storybook/main.js": {"path":"/home/alan/dev/courses/1/course--hands-on--react/.storybook/main.js","statementMap":{"0":{"start":{"line":1,"column":13},"end":{"line":1,"column":28}},"1":{"start":{"line":3,"column":0},"end":{"line":13,"column":2}},"2":{"start":{"line":6,"column":29},"end":{"line":12,"column":3}}},"fnMap":{"0":{"name":"(anonymous_0)","decl":{"start":{"line":6,"column":16},"end":{"line":6,"column":17}},"loc":{"start":{"line":6,"column":29},"end":{"line":12,"column":3}},"line":6}},"branchMap":{},"s":{"0":1,"1":1,"2":0},"f":{"0":0},"b":{},"_coverageSchema":"1a1c01bbd47fc00a2c39e90264f33305004495a9","hash":"80adee70b84bf7300aa87c38c45c37a2bb40552b"}
,"/home/alan/dev/courses/1/course--hands-on--react/.storybook/preview.js": {"path":"/home/alan/dev/courses/1/course--hands-on--react/.storybook/preview.js","statementMap":{"0":{"start":{"line":1,"column":26},"end":{"line":9,"column":1}}},"fnMap":{},"branchMap":{},"s":{"0":1},"f":{},"b":{},"_coverageSchema":"1a1c01bbd47fc00a2c39e90264f33305004495a9","hash":"d6de36009a45cf9a8838b762f8b32c46c1b9c5a7"}
,"/home/alan/dev/courses/1/course--hands-on--react/src/components/Grid/Cell.stories.tsx": {"path":"/home/alan/dev/courses/1/course--hands-on--react/src/components/Grid/Cell.stories.tsx","statementMap":{"0":{"start":{"line":1,"column":0},"end":{"line":1,"column":41}},"1":{"start":{"line":3,"column":0},"end":{"line":11,"column":32}},"2":{"start":{"line":13,"column":35},"end":{"line":13,"column":63}},"3":{"start":{"line":13,"column":45},"end":{"line":13,"column":63}},"4":{"start":{"line":15,"column":13},"end":{"line":15,"column":44}},"5":{"start":{"line":16,"column":0},"end":{"line":18,"column":2}},"6":{"start":{"line":20,"column":13},"end":{"line":20,"column":43}},"7":{"start":{"line":21,"column":0},"end":{"line":23,"column":2}},"8":{"start":{"line":25,"column":13},"end":{"line":25,"column":42}},"9":{"start":{"line":26,"column":0},"end":{"line":28,"column":2}},"10":{"start":{"line":30,"column":13},"end":{"line":30,"column":42}},"11":{"start":{"line":31,"column":0},"end":{"line":33,"column":2}},"12":{"start":{"line":35,"column":13},"end":{"line":35,"column":46}},"13":{"start":{"line":36,"column":0},"end":{"line":38,"column":2}},"14":{"start":{"line":40,"column":13},"end":{"line":40,"column":48}},"15":{"start":{"line":41,"column":0},"end":{"line":43,"column":2}}},"fnMap":{"0":{"name":"(anonymous_0)","decl":{"start":{"line":13,"column":35},"end":{"line":13,"column":36}},"loc":{"start":{"line":13,"column":45},"end":{"line":13,"column":63}}}},"branchMap":{},"s":{"0":1,"1":1,"2":1,"3":6,"4":1,"5":1,"6":1,"7":1,"8":1,"9":1,"10":1,"11":1,"12":1,"13":1,"14":1,"15":1},"f":{"0":6},"b":{}}
,"/home/alan/dev/courses/1/course--hands-on--react/src/components/Grid/Cell.tsx": {"path":"/home/alan/dev/courses/1/course--hands-on--react/src/components/Grid/Cell.tsx","statementMap":{"0":{"start":{"line":1,"column":0},"end":{"line":1,"column":37}},"1":{"start":{"line":3,"column":0},"end":{"line":3,"column":70}},"2":{"start":{"line":4,"column":0},"end":{"line":4,"column":45}},"3":{"start":{"line":25,"column":28},"end":{"line":26,"column":71}},"4":{"start":{"line":26,"column":2},"end":{"line":26,"column":71}},"5":{"start":{"line":25,"column":13},"end":{"line":25,"column":28}},"6":{"start":{"line":28,"column":35},"end":{"line":54,"column":1}},"7":{"start":{"line":29,"column":46},"end":{"line":29,"column":56}},"8":{"start":{"line":31,"column":24},"end":{"line":39,"column":3}},"9":{"start":{"line":35,"column":4},"end":{"line":35,"column":26}},"10":{"start":{"line":36,"column":4},"end":{"line":38,"column":null}},"11":{"start":{"line":37,"column":6},"end":{"line":37,"column":33}},"12":{"start":{"line":41,"column":18},"end":{"line":41,"column":70}},"13":{"start":{"line":41,"column":24},"end":{"line":41,"column":70}},"14":{"start":{"line":43,"column":16},"end":{"line":51,"column":4}},"15":{"start":{"line":53,"column":2},"end":{"line":53,"column":62}},"16":{"start":{"line":28,"column":13},"end":{"line":28,"column":35}},"17":{"start":{"line":67,"column":46},"end":{"line":99,"column":1}},"18":{"start":{"line":68,"column":29},"end":{"line":71,"column":4}},"19":{"start":{"line":73,"column":2},"end":{"line":98,"column":null}},"20":{"start":{"line":75,"column":6},"end":{"line":75,"column":55}},"21":{"start":{"line":77,"column":6},"end":{"line":77,"column":39}},"22":{"start":{"line":79,"column":6},"end":{"line":83,"column":8}},"23":{"start":{"line":85,"column":6},"end":{"line":89,"column":8}},"24":{"start":{"line":91,"column":6},"end":{"line":95,"column":8}},"25":{"start":{"line":97,"column":6},"end":{"line":97,"column":65}},"26":{"start":{"line":105,"column":20},"end":{"line":120,"column":2}},"27":{"start":{"line":116,"column":4},"end":{"line":116,"column":59}},"28":{"start":{"line":122,"column":20},"end":{"line":122,"column":35}},"29":{"start":{"line":123,"column":46},"end":{"line":137,"column":2}},"30":{"start":{"line":139,"column":22},"end":{"line":146,"column":2}},"31":{"start":{"line":142,"column":29},"end":{"line":142,"column":72}},"32":{"start":{"line":148,"column":13},"end":{"line":153,"column":2}},"33":{"start":{"line":155,"column":18},"end":{"line":157,"column":2}},"34":{"start":{"line":159,"column":13},"end":{"line":165,"column":2}},"35":{"start":{"line":167,"column":17},"end":{"line":169,"column":2}}},"fnMap":{"0":{"name":"(anonymous_0)","decl":{"start":{"line":25,"column":28},"end":{"line":25,"column":29}},"loc":{"start":{"line":26,"column":2},"end":{"line":26,"column":71}}},"1":{"name":"(anonymous_1)","decl":{"start":{"line":28,"column":35},"end":{"line":28,"column":36}},"loc":{"start":{"line":28,"column":69},"end":{"line":54,"column":1}}},"2":{"name":"(anonymous_2)","decl":{"start":{"line":31,"column":24},"end":{"line":31,"column":25}},"loc":{"start":{"line":31,"column":58},"end":{"line":39,"column":3}}},"3":{"name":"(anonymous_3)","decl":{"start":{"line":41,"column":18},"end":{"line":41,"column":21}},"loc":{"start":{"line":41,"column":24},"end":{"line":41,"column":70}}},"4":{"name":"(anonymous_4)","decl":{"start":{"line":67,"column":46},"end":{"line":67,"column":47}},"loc":{"start":{"line":67,"column":72},"end":{"line":99,"column":1}}},"5":{"name":"(anonymous_5)","decl":{"start":{"line":115,"column":18},"end":{"line":115,"column":19}},"loc":{"start":{"line":116,"column":4},"end":{"line":116,"column":59}}},"6":{"name":"(anonymous_6)","decl":{"start":{"line":142,"column":11},"end":{"line":142,"column":12}},"loc":{"start":{"line":142,"column":29},"end":{"line":142,"column":72}}}},"branchMap":{"0":{"loc":{"start":{"line":36,"column":4},"end":{"line":38,"column":null}},"type":"if","locations":[{"start":{"line":36,"column":4},"end":{"line":38,"column":null}}]},"1":{"loc":{"start":{"line":41,"column":24},"end":{"line":41,"column":70}},"type":"binary-expr","locations":[{"start":{"line":41,"column":24},"end":{"line":41,"column":46}},{"start":{"line":41,"column":50},"end":{"line":41,"column":70}}]},"2":{"loc":{"start":{"line":73,"column":2},"end":{"line":98,"column":null}},"type":"switch","locations":[{"start":{"line":74,"column":4},"end":{"line":75,"column":55}},{"start":{"line":76,"column":4},"end":{"line":77,"column":39}},{"start":{"line":78,"column":4},"end":{"line":83,"column":8}},{"start":{"line":84,"column":4},"end":{"line":89,"column":8}},{"start":{"line":90,"column":4},"end":{"line":95,"column":8}},{"start":{"line":96,"column":4},"end":{"line":97,"column":65}}]},"3":{"loc":{"start":{"line":115,"column":21},"end":{"line":115,"column":38}},"type":"default-arg","locations":[{"start":{"line":115,"column":33},"end":{"line":115,"column":38}}]},"4":{"loc":{"start":{"line":116,"column":4},"end":{"line":116,"column":59}},"type":"cond-expr","locations":[{"start":{"line":116,"column":16},"end":{"line":116,"column":29}},{"start":{"line":116,"column":32},"end":{"line":116,"column":59}}]},"5":{"loc":{"start":{"line":142,"column":29},"end":{"line":142,"column":72}},"type":"binary-expr","locations":[{"start":{"line":142,"column":29},"end":{"line":142,"column":57}},{"start":{"line":142,"column":61},"end":{"line":142,"column":72}}]}},"s":{"0":2,"1":2,"2":2,"3":2,"4":50,"5":2,"6":2,"7":176,"8":176,"9":26,"10":26,"11":6,"12":176,"13":11,"14":176,"15":176,"16":2,"17":2,"18":176,"19":176,"20":33,"21":12,"22":20,"23":3,"24":3,"25":105,"26":2,"27":176,"28":2,"29":2,"30":2,"31":158,"32":2,"33":2,"34":2,"35":2},"f":{"0":50,"1":176,"2":26,"3":11,"4":176,"5":176,"6":158},"b":{"0":[6],"1":[11,3],"2":[33,12,20,3,3,105],"3":[53],"4":[0,176],"5":[158,53]}}
,"/home/alan/dev/courses/1/course--hands-on--react/src/components/Grid/Grid.stories.tsx": {"path":"/home/alan/dev/courses/1/course--hands-on--react/src/components/Grid/Grid.stories.tsx","statementMap":{"0":{"start":{"line":2,"column":0},"end":{"line":2,"column":41}},"1":{"start":{"line":3,"column":0},"end":{"line":6,"column":2}},"2":{"start":{"line":8,"column":35},"end":{"line":8,"column":63}},"3":{"start":{"line":8,"column":45},"end":{"line":8,"column":63}},"4":{"start":{"line":10,"column":13},"end":{"line":10,"column":45}},"5":{"start":{"line":11,"column":0},"end":{"line":26,"column":2}}},"fnMap":{"0":{"name":"(anonymous_0)","decl":{"start":{"line":8,"column":35},"end":{"line":8,"column":36}},"loc":{"start":{"line":8,"column":45},"end":{"line":8,"column":63}}}},"branchMap":{},"s":{"0":1,"1":1,"2":1,"3":1,"4":1,"5":1},"f":{"0":1},"b":{}}
,"/home/alan/dev/courses/1/course--hands-on--react/src/components/Grid/Grid.tsx": {"path":"/home/alan/dev/courses/1/course--hands-on--react/src/components/Grid/Grid.tsx","statementMap":{"0":{"start":{"line":2,"column":0},"end":{"line":2,"column":37}},"1":{"start":{"line":5,"column":0},"end":{"line":5,"column":30}},"2":{"start":{"line":21,"column":35},"end":{"line":34,"column":null}},"3":{"start":{"line":22,"column":2},"end":{"line":33,"column":null}},"4":{"start":{"line":24,"column":6},"end":{"line":32,"column":8}},"5":{"start":{"line":25,"column":8},"end":{"line":26,"column":null}},"6":{"start":{"line":21,"column":13},"end":{"line":21,"column":35}},"7":{"start":{"line":41,"column":16},"end":{"line":46,"column":2}},"8":{"start":{"line":43,"column":48},"end":{"line":43,"column":52}}},"fnMap":{"0":{"name":"(anonymous_0)","decl":{"start":{"line":21,"column":35},"end":{"line":21,"column":36}},"loc":{"start":{"line":22,"column":2},"end":{"line":33,"column":null}}},"1":{"name":"(anonymous_1)","decl":{"start":{"line":23,"column":18},"end":{"line":23,"column":19}},"loc":{"start":{"line":24,"column":6},"end":{"line":32,"column":8}}},"2":{"name":"(anonymous_2)","decl":{"start":{"line":24,"column":14},"end":{"line":24,"column":15}},"loc":{"start":{"line":25,"column":8},"end":{"line":26,"column":null}}},"3":{"name":"(anonymous_3)","decl":{"start":{"line":43,"column":34},"end":{"line":43,"column":35}},"loc":{"start":{"line":43,"column":48},"end":{"line":43,"column":52}}}},"branchMap":{},"s":{"0":1,"1":1,"2":1,"3":1,"4":12,"5":144,"6":1,"7":1,"8":1},"f":{"0":1,"1":12,"2":144,"3":1},"b":{}}
,"/home/alan/dev/courses/1/course--hands-on--react/src/components/Scoreboard/Counter.stories.tsx": {"path":"/home/alan/dev/courses/1/course--hands-on--react/src/components/Scoreboard/Counter.stories.tsx","statementMap":{"0":{"start":{"line":2,"column":0},"end":{"line":2,"column":50}},"1":{"start":{"line":4,"column":0},"end":{"line":7,"column":2}},"2":{"start":{"line":9,"column":38},"end":{"line":9,"column":69}},"3":{"start":{"line":9,"column":48},"end":{"line":9,"column":69}},"4":{"start":{"line":11,"column":13},"end":{"line":11,"column":48}},"5":{"start":{"line":12,"column":0},"end":{"line":14,"column":2}}},"fnMap":{"0":{"name":"(anonymous_0)","decl":{"start":{"line":9,"column":38},"end":{"line":9,"column":39}},"loc":{"start":{"line":9,"column":48},"end":{"line":9,"column":69}}}},"branchMap":{},"s":{"0":1,"1":1,"2":1,"3":1,"4":1,"5":1},"f":{"0":1},"b":{}}
,"/home/alan/dev/courses/1/course--hands-on--react/src/components/Scoreboard/Counter.tsx": {"path":"/home/alan/dev/courses/1/course--hands-on--react/src/components/Scoreboard/Counter.tsx","statementMap":{"0":{"start":{"line":1,"column":0},"end":{"line":1,"column":37}},"1":{"start":{"line":11,"column":41},"end":{"line":12,"column":null}},"2":{"start":{"line":12,"column":2},"end":{"line":12,"column":27}},"3":{"start":{"line":11,"column":13},"end":{"line":11,"column":41}},"4":{"start":{"line":15,"column":14},"end":{"line":24,"column":2}}},"fnMap":{"0":{"name":"(anonymous_0)","decl":{"start":{"line":11,"column":41},"end":{"line":11,"column":42}},"loc":{"start":{"line":12,"column":2},"end":{"line":12,"column":27}}}},"branchMap":{},"s":{"0":1,"1":1,"2":3,"3":1,"4":1},"f":{"0":3},"b":{}}
,"/home/alan/dev/courses/1/course--hands-on--react/src/components/Scoreboard/Level.stories.tsx": {"path":"/home/alan/dev/courses/1/course--hands-on--react/src/components/Scoreboard/Level.stories.tsx","statementMap":{"0":{"start":{"line":2,"column":0},"end":{"line":2,"column":44}},"1":{"start":{"line":4,"column":0},"end":{"line":7,"column":2}},"2":{"start":{"line":9,"column":36},"end":{"line":9,"column":65}},"3":{"start":{"line":9,"column":46},"end":{"line":9,"column":65}},"4":{"start":{"line":11,"column":13},"end":{"line":11,"column":46}},"5":{"start":{"line":12,"column":0},"end":{"line":14,"column":2}}},"fnMap":{"0":{"name":"(anonymous_0)","decl":{"start":{"line":9,"column":36},"end":{"line":9,"column":37}},"loc":{"start":{"line":9,"column":46},"end":{"line":9,"column":65}}}},"branchMap":{},"s":{"0":1,"1":1,"2":1,"3":1,"4":1,"5":1},"f":{"0":1},"b":{}}
,"/home/alan/dev/courses/1/course--hands-on--react/src/components/Scoreboard/Level.tsx": {"path":"/home/alan/dev/courses/1/course--hands-on--react/src/components/Scoreboard/Level.tsx","statementMap":{"0":{"start":{"line":1,"column":0},"end":{"line":1,"column":37}},"1":{"start":{"line":11,"column":37},"end":{"line":14,"column":null}},"2":{"start":{"line":12,"column":2},"end":{"line":14,"column":14}},"3":{"start":{"line":13,"column":4},"end":{"line":13,"column":23}},"4":{"start":{"line":11,"column":13},"end":{"line":11,"column":37}},"5":{"start":{"line":17,"column":15},"end":{"line":24,"column":2}},"6":{"start":{"line":26,"column":15},"end":{"line":32,"column":2}}},"fnMap":{"0":{"name":"(anonymous_0)","decl":{"start":{"line":11,"column":37},"end":{"line":11,"column":38}},"loc":{"start":{"line":12,"column":2},"end":{"line":14,"column":14}}},"1":{"name":"(anonymous_1)","decl":{"start":{"line":12,"column":24},"end":{"line":12,"column":25}},"loc":{"start":{"line":13,"column":4},"end":{"line":13,"column":23}}}},"branchMap":{},"s":{"0":1,"1":1,"2":2,"3":6,"4":1,"5":1,"6":1},"f":{"0":2,"1":6},"b":{}}
,"/home/alan/dev/courses/1/course--hands-on--react/src/components/Scoreboard/Reset.stories.tsx": {"path":"/home/alan/dev/courses/1/course--hands-on--react/src/components/Scoreboard/Reset.stories.tsx","statementMap":{"0":{"start":{"line":2,"column":0},"end":{"line":2,"column":44}},"1":{"start":{"line":3,"column":0},"end":{"line":6,"column":33}},"2":{"start":{"line":8,"column":36},"end":{"line":8,"column":65}},"3":{"start":{"line":8,"column":46},"end":{"line":8,"column":65}},"4":{"start":{"line":10,"column":13},"end":{"line":10,"column":45}}},"fnMap":{"0":{"name":"(anonymous_0)","decl":{"start":{"line":8,"column":36},"end":{"line":8,"column":37}},"loc":{"start":{"line":8,"column":46},"end":{"line":8,"column":65}}}},"branchMap":{},"s":{"0":1,"1":1,"2":1,"3":1,"4":1},"f":{"0":1},"b":{}}
,"/home/alan/dev/courses/1/course--hands-on--react/src/components/Scoreboard/Reset.tsx": {"path":"/home/alan/dev/courses/1/course--hands-on--react/src/components/Scoreboard/Reset.tsx","statementMap":{"0":{"start":{"line":1,"column":0},"end":{"line":1,"column":37}},"1":{"start":{"line":3,"column":0},"end":{"line":3,"column":45}},"2":{"start":{"line":12,"column":37},"end":{"line":25,"column":1}},"3":{"start":{"line":13,"column":46},"end":{"line":13,"column":56}},"4":{"start":{"line":15,"column":2},"end":{"line":24,"column":4}},"5":{"start":{"line":12,"column":13},"end":{"line":12,"column":37}},"6":{"start":{"line":27,"column":15},"end":{"line":35,"column":2}}},"fnMap":{"0":{"name":"(anonymous_0)","decl":{"start":{"line":12,"column":37},"end":{"line":12,"column":38}},"loc":{"start":{"line":12,"column":53},"end":{"line":25,"column":1}}}},"branchMap":{"0":{"loc":{"start":{"line":22,"column":7},"end":{"line":22,"column":30}},"type":"cond-expr","locations":[{"start":{"line":22,"column":19},"end":{"line":22,"column":23}},{"start":{"line":22,"column":26},"end":{"line":22,"column":30}}]}},"s":{"0":2,"1":2,"2":2,"3":10,"4":10,"5":2,"6":2},"f":{"0":10},"b":{"0":[2,8]}}
,"/home/alan/dev/courses/1/course--hands-on--react/src/components/Scoreboard/ScoreBoard.tsx": {"path":"/home/alan/dev/courses/1/course--hands-on--react/src/components/Scoreboard/ScoreBoard.tsx","statementMap":{"0":{"start":{"line":1,"column":0},"end":{"line":1,"column":37}},"1":{"start":{"line":3,"column":0},"end":{"line":3,"column":36}},"2":{"start":{"line":4,"column":0},"end":{"line":4,"column":32}},"3":{"start":{"line":5,"column":0},"end":{"line":5,"column":32}},"4":{"start":{"line":26,"column":47},"end":{"line":37,"column":null}},"5":{"start":{"line":32,"column":2},"end":{"line":36,"column":null}},"6":{"start":{"line":26,"column":13},"end":{"line":26,"column":47}},"7":{"start":{"line":40,"column":16},"end":{"line":45,"column":2}}},"fnMap":{"0":{"name":"(anonymous_0)","decl":{"start":{"line":26,"column":47},"end":{"line":26,"column":48}},"loc":{"start":{"line":32,"column":2},"end":{"line":36,"column":null}}}},"branchMap":{},"s":{"0":1,"1":1,"2":1,"3":1,"4":1,"5":1,"6":1,"7":1},"f":{"0":1},"b":{}}
,"/home/alan/dev/courses/1/course--hands-on--react/src/components/Scoreboard/Scoreboard.stories.tsx": {"path":"/home/alan/dev/courses/1/course--hands-on--react/src/components/Scoreboard/Scoreboard.stories.tsx","statementMap":{"0":{"start":{"line":1,"column":0},"end":{"line":1,"column":59}},"1":{"start":{"line":4,"column":0},"end":{"line":7,"column":38}},"2":{"start":{"line":9,"column":41},"end":{"line":9,"column":75}},"3":{"start":{"line":9,"column":51},"end":{"line":9,"column":75}},"4":{"start":{"line":11,"column":13},"end":{"line":11,"column":51}},"5":{"start":{"line":12,"column":0},"end":{"line":16,"column":2}}},"fnMap":{"0":{"name":"(anonymous_0)","decl":{"start":{"line":9,"column":41},"end":{"line":9,"column":42}},"loc":{"start":{"line":9,"column":51},"end":{"line":9,"column":75}}}},"branchMap":{},"s":{"0":1,"1":1,"2":1,"3":1,"4":1,"5":1},"f":{"0":1},"b":{}}
,"/home/alan/dev/courses/1/course--hands-on--react/src/components/Top/GameName.stories.tsx": {"path":"/home/alan/dev/courses/1/course--hands-on--react/src/components/Top/GameName.stories.tsx","statementMap":{"0":{"start":{"line":2,"column":0},"end":{"line":2,"column":53}},"1":{"start":{"line":4,"column":0},"end":{"line":7,"column":2}},"2":{"start":{"line":9,"column":39},"end":{"line":9,"column":71}},"3":{"start":{"line":9,"column":49},"end":{"line":9,"column":71}},"4":{"start":{"line":11,"column":13},"end":{"line":11,"column":53}},"5":{"start":{"line":12,"column":0},"end":{"line":14,"column":2}}},"fnMap":{"0":{"name":"(anonymous_0)","decl":{"start":{"line":9,"column":39},"end":{"line":9,"column":40}},"loc":{"start":{"line":9,"column":49},"end":{"line":9,"column":71}}}},"branchMap":{},"s":{"0":1,"1":1,"2":1,"3":1,"4":1,"5":1},"f":{"0":1},"b":{}}
,"/home/alan/dev/courses/1/course--hands-on--react/src/components/Top/GameName.tsx": {"path":"/home/alan/dev/courses/1/course--hands-on--react/src/components/Top/GameName.tsx","statementMap":{"0":{"start":{"line":1,"column":0},"end":{"line":1,"column":37}},"1":{"start":{"line":10,"column":13},"end":{"line":12,"column":2}}},"fnMap":{},"branchMap":{},"s":{"0":1,"1":1},"f":{},"b":{}}
,"/home/alan/dev/courses/1/course--hands-on--react/src/components/Top/Legend.stories.tsx": {"path":"/home/alan/dev/courses/1/course--hands-on--react/src/components/Top/Legend.stories.tsx","statementMap":{"0":{"start":{"line":1,"column":0},"end":{"line":1,"column":48}},"1":{"start":{"line":4,"column":0},"end":{"line":7,"column":34}},"2":{"start":{"line":9,"column":38},"end":{"line":9,"column":68}},"3":{"start":{"line":9,"column":48},"end":{"line":9,"column":68}},"4":{"start":{"line":11,"column":13},"end":{"line":11,"column":44}},"5":{"start":{"line":12,"column":0},"end":{"line":16,"column":2}}},"fnMap":{"0":{"name":"(anonymous_0)","decl":{"start":{"line":9,"column":38},"end":{"line":9,"column":39}},"loc":{"start":{"line":9,"column":48},"end":{"line":9,"column":68}}}},"branchMap":{},"s":{"0":1,"1":1,"2":1,"3":1,"4":1,"5":1},"f":{"0":1},"b":{}}
,"/home/alan/dev/courses/1/course--hands-on--react/src/components/Top/Legend.tsx": {"path":"/home/alan/dev/courses/1/course--hands-on--react/src/components/Top/Legend.tsx","statementMap":{"0":{"start":{"line":2,"column":0},"end":{"line":2,"column":37}},"1":{"start":{"line":19,"column":40},"end":{"line":30,"column":null}},"2":{"start":{"line":24,"column":2},"end":{"line":29,"column":null}},"3":{"start":{"line":19,"column":13},"end":{"line":19,"column":40}},"4":{"start":{"line":33,"column":24},"end":{"line":35,"column":2}},"5":{"start":{"line":37,"column":15},"end":{"line":41,"column":2}},"6":{"start":{"line":43,"column":20},"end":{"line":45,"column":2}},"7":{"start":{"line":47,"column":21},"end":{"line":49,"column":2}}},"fnMap":{"0":{"name":"(anonymous_0)","decl":{"start":{"line":19,"column":40},"end":{"line":19,"column":41}},"loc":{"start":{"line":24,"column":2},"end":{"line":29,"column":null}}}},"branchMap":{},"s":{"0":1,"1":1,"2":2,"3":1,"4":1,"5":1,"6":1,"7":1},"f":{"0":2},"b":{}}
,"/home/alan/dev/courses/1/course--hands-on--react/src/components/Top/Top.stories.tsx": {"path":"/home/alan/dev/courses/1/course--hands-on--react/src/components/Top/Top.stories.tsx","statementMap":{"0":{"start":{"line":2,"column":0},"end":{"line":2,"column":57}},"1":{"start":{"line":3,"column":0},"end":{"line":3,"column":46}},"2":{"start":{"line":4,"column":0},"end":{"line":4,"column":46}},"3":{"start":{"line":6,"column":0},"end":{"line":9,"column":31}},"4":{"start":{"line":11,"column":42},"end":{"line":11,"column":69}},"5":{"start":{"line":11,"column":52},"end":{"line":11,"column":69}},"6":{"start":{"line":13,"column":13},"end":{"line":13,"column":42}},"7":{"start":{"line":14,"column":0},"end":{"line":17,"column":2}}},"fnMap":{"0":{"name":"(anonymous_0)","decl":{"start":{"line":11,"column":42},"end":{"line":11,"column":43}},"loc":{"start":{"line":11,"column":52},"end":{"line":11,"column":69}}}},"branchMap":{},"s":{"0":1,"1":1,"2":1,"3":1,"4":1,"5":1,"6":1,"7":1},"f":{"0":1},"b":{}}
,"/home/alan/dev/courses/1/course--hands-on--react/src/components/Top/Top.tsx": {"path":"/home/alan/dev/courses/1/course--hands-on--react/src/components/Top/Top.tsx","statementMap":{"0":{"start":{"line":1,"column":0},"end":{"line":1,"column":37}},"1":{"start":{"line":3,"column":0},"end":{"line":3,"column":53}},"2":{"start":{"line":4,"column":0},"end":{"line":4,"column":48}},"3":{"start":{"line":8,"column":41},"end":{"line":12,"column":null}},"4":{"start":{"line":9,"column":2},"end":{"line":11,"column":null}},"5":{"start":{"line":8,"column":13},"end":{"line":8,"column":41}},"6":{"start":{"line":15,"column":15},"end":{"line":19,"column":2}}},"fnMap":{"0":{"name":"(anonymous_0)","decl":{"start":{"line":8,"column":41},"end":{"line":8,"column":42}},"loc":{"start":{"line":9,"column":2},"end":{"line":11,"column":null}}}},"branchMap":{},"s":{"0":1,"1":1,"2":1,"3":1,"4":1,"5":1,"6":1},"f":{"0":1},"b":{}}
,"/home/alan/dev/courses/1/course--hands-on--react/src/components/hooks/useMouse.ts": {"path":"/home/alan/dev/courses/1/course--hands-on--react/src/components/hooks/useMouse.ts","statementMap":{"0":{"start":{"line":1,"column":0},"end":{"line":1,"column":33}},"1":{"start":{"line":6,"column":24},"end":{"line":18,"column":1}},"2":{"start":{"line":7,"column":36},"end":{"line":7,"column":51}},"3":{"start":{"line":14,"column":22},"end":{"line":14,"column":46}},"4":{"start":{"line":14,"column":28},"end":{"line":14,"column":46}},"5":{"start":{"line":15,"column":20},"end":{"line":15,"column":45}},"6":{"start":{"line":15,"column":26},"end":{"line":15,"column":45}},"7":{"start":{"line":17,"column":2},"end":{"line":17,"column":45}},"8":{"start":{"line":6,"column":13},"end":{"line":6,"column":24}}},"fnMap":{"0":{"name":"(anonymous_0)","decl":{"start":{"line":6,"column":24},"end":{"line":6,"column":76}},"loc":{"start":{"line":6,"column":78},"end":{"line":18,"column":1}}},"1":{"name":"(anonymous_1)","decl":{"start":{"line":14,"column":22},"end":{"line":14,"column":25}},"loc":{"start":{"line":14,"column":28},"end":{"line":14,"column":46}}},"2":{"name":"(anonymous_2)","decl":{"start":{"line":15,"column":20},"end":{"line":15,"column":23}},"loc":{"start":{"line":15,"column":26},"end":{"line":15,"column":45}}}},"branchMap":{},"s":{"0":4,"1":4,"2":190,"3":190,"4":4,"5":190,"6":3,"7":190,"8":4},"f":{"0":190,"1":4,"2":3},"b":{}}
,"/home/alan/dev/courses/1/course--hands-on--react/src/helpers/CellsManipulator.ts": {"path":"/home/alan/dev/courses/1/course--hands-on--react/src/helpers/CellsManipulator.ts","statementMap":{"0":{"start":{"line":3,"column":33},"end":{"line":15,"column":2}},"1":{"start":{"line":6,"column":6},"end":{"line":15,"column":2}},"2":{"start":{"line":3,"column":13},"end":{"line":3,"column":33}},"3":{"start":{"line":17,"column":32},"end":{"line":18,"column":54}},"4":{"start":{"line":18,"column":2},"end":{"line":18,"column":54}},"5":{"start":{"line":17,"column":13},"end":{"line":17,"column":32}},"6":{"start":{"line":20,"column":33},"end":{"line":34,"column":1}},"7":{"start":{"line":21,"column":16},"end":{"line":21,"column":41}},"8":{"start":{"line":23,"column":2},"end":{"line":31,"column":null}},"9":{"start":{"line":24,"column":4},"end":{"line":30,"column":null}},"10":{"start":{"line":25,"column":21},"end":{"line":25,"column":25}},"11":{"start":{"line":26,"column":19},"end":{"line":26,"column":30}},"12":{"start":{"line":27,"column":6},"end":{"line":29,"column":null}},"13":{"start":{"line":28,"column":8},"end":{"line":28,"column":41}},"14":{"start":{"line":33,"column":2},"end":{"line":33,"column":15}},"15":{"start":{"line":20,"column":13},"end":{"line":20,"column":33}}},"fnMap":{"0":{"name":"(anonymous_0)","decl":{"start":{"line":3,"column":33},"end":{"line":3,"column":34}},"loc":{"start":{"line":6,"column":6},"end":{"line":15,"column":2}}},"1":{"name":"(anonymous_1)","decl":{"start":{"line":17,"column":32},"end":{"line":17,"column":33}},"loc":{"start":{"line":18,"column":2},"end":{"line":18,"column":54}}},"2":{"name":"(anonymous_2)","decl":{"start":{"line":20,"column":33},"end":{"line":20,"column":34}},"loc":{"start":{"line":20,"column":73},"end":{"line":34,"column":1}}}},"branchMap":{"0":{"loc":{"start":{"line":18,"column":2},"end":{"line":18,"column":54}},"type":"binary-expr","locations":[{"start":{"line":18,"column":2},"end":{"line":18,"column":8}},{"start":{"line":18,"column":12},"end":{"line":18,"column":18}},{"start":{"line":18,"column":22},"end":{"line":18,"column":36}},{"start":{"line":18,"column":40},"end":{"line":18,"column":54}}]},"1":{"loc":{"start":{"line":24,"column":4},"end":{"line":30,"column":null}},"type":"if","locations":[{"start":{"line":24,"column":4},"end":{"line":30,"column":null}}]},"2":{"loc":{"start":{"line":27,"column":6},"end":{"line":29,"column":null}},"type":"if","locations":[{"start":{"line":27,"column":6},"end":{"line":29,"column":null}}]}},"s":{"0":4,"1":42,"2":4,"3":4,"4":327,"5":4,"6":4,"7":40,"8":40,"9":320,"10":243,"11":243,"12":243,"13":205,"14":40,"15":4},"f":{"0":42,"1":327,"2":40},"b":{"0":[327,302,274,257],"1":[243],"2":[205]}}
,"/home/alan/dev/courses/1/course--hands-on--react/src/helpers/Field.ts": {"path":"/home/alan/dev/courses/1/course--hands-on--react/src/helpers/Field.ts","statementMap":{"0":{"start":{"line":1,"column":0},"end":{"line":1,"column":55}},"1":{"start":{"line":6,"column":13},"end":{"line":12,"column":2}},"2":{"start":{"line":14,"column":35},"end":{"line":17,"column":77}},"3":{"start":{"line":17,"column":12},"end":{"line":17,"column":77}},"4":{"start":{"line":17,"column":49},"end":{"line":17,"column":76}},"5":{"start":{"line":14,"column":13},"end":{"line":14,"column":35}},"6":{"start":{"line":19,"column":30},"end":{"line":41,"column":1}},"7":{"start":{"line":20,"column":2},"end":{"line":22,"column":null}},"8":{"start":{"line":21,"column":4},"end":{"line":21,"column":59}},"9":{"start":{"line":24,"column":25},"end":{"line":24,"column":36}},"10":{"start":{"line":25,"column":27},"end":{"line":25,"column":57}},"11":{"start":{"line":27,"column":24},"end":{"line":27,"column":49}},"12":{"start":{"line":29,"column":2},"end":{"line":38,"column":null}},"13":{"start":{"line":29,"column":15},"end":{"line":29,"column":16}},"14":{"start":{"line":30,"column":4},"end":{"line":37,"column":null}},"15":{"start":{"line":30,"column":17},"end":{"line":30,"column":18}},"16":{"start":{"line":31,"column":6},"end":{"line":35,"column":null}},"17":{"start":{"line":32,"column":8},"end":{"line":32,"column":38}},"18":{"start":{"line":33,"column":8},"end":{"line":33,"column":42}},"19":{"start":{"line":34,"column":8},"end":{"line":34,"column":29}},"20":{"start":{"line":36,"column":6},"end":{"line":36,"column":25}},"21":{"start":{"line":40,"column":2},"end":{"line":40,"column":16}},"22":{"start":{"line":19,"column":13},"end":{"line":19,"column":30}}},"fnMap":{"0":{"name":"(anonymous_0)","decl":{"start":{"line":14,"column":35},"end":{"line":14,"column":null}},"loc":{"start":{"line":17,"column":12},"end":{"line":17,"column":77}}},"1":{"name":"(anonymous_1)","decl":{"start":{"line":17,"column":43},"end":{"line":17,"column":46}},"loc":{"start":{"line":17,"column":49},"end":{"line":17,"column":76}}},"2":{"name":"(anonymous_2)","decl":{"start":{"line":19,"column":30},"end":{"line":19,"column":31}},"loc":{"start":{"line":19,"column":75},"end":{"line":41,"column":1}}}},"branchMap":{"0":{"loc":{"start":{"line":16,"column":2},"end":{"line":16,"column":31}},"type":"default-arg","locations":[{"start":{"line":16,"column":16},"end":{"line":16,"column":31}}]},"1":{"loc":{"start":{"line":20,"column":2},"end":{"line":22,"column":null}},"type":"if","locations":[{"start":{"line":20,"column":2},"end":{"line":22,"column":null}}]},"2":{"loc":{"start":{"line":20,"column":6},"end":{"line":20,"column":40}},"type":"binary-expr","locations":[{"start":{"line":20,"column":6},"end":{"line":20,"column":21}},{"start":{"line":20,"column":25},"end":{"line":20,"column":40}}]},"3":{"loc":{"start":{"line":31,"column":6},"end":{"line":35,"column":null}},"type":"if","locations":[{"start":{"line":31,"column":6},"end":{"line":35,"column":null}}]}},"s":{"0":4,"1":4,"2":4,"3":9,"4":34,"5":4,"6":4,"7":8,"8":2,"9":6,"10":6,"11":6,"12":6,"13":6,"14":26,"15":26,"16":210,"17":32,"18":32,"19":32,"20":210,"21":6,"22":4},"f":{"0":9,"1":34,"2":8},"b":{"0":[8],"1":[2],"2":[8,7],"3":[32]}}
}
