TN:
SF:src/components/Grid/Cell.tsx
FN:25,(anonymous_0)
FN:28,(anonymous_1)
FN:31,(anonymous_2)
FN:41,(anonymous_3)
FN:67,(anonymous_4)
FN:115,(anonymous_5)
FN:142,(anonymous_6)
FNF:7
FNH:7
FNDA:50,(anonymous_0)
FNDA:26,(anonymous_1)
FNDA:26,(anonymous_2)
FNDA:11,(anonymous_3)
FNDA:26,(anonymous_4)
FNDA:26,(anonymous_5)
FNDA:20,(anonymous_6)
DA:1,1
DA:3,1
DA:4,1
DA:25,1
DA:26,50
DA:28,1
DA:29,26
DA:31,26
DA:35,26
DA:36,26
DA:37,6
DA:41,26
DA:43,26
DA:53,26
DA:67,1
DA:68,26
DA:73,26
DA:75,2
DA:77,2
DA:79,2
DA:85,2
DA:91,2
DA:97,16
DA:105,1
DA:116,26
DA:122,1
DA:123,1
DA:139,1
DA:142,20
DA:148,1
DA:155,1
DA:159,1
DA:167,1
LF:33
LH:33
BRDA:36,0,0,6
BRDA:41,1,0,11
BRDA:41,1,1,3
BRDA:73,2,0,2
BRDA:73,2,1,2
BRDA:73,2,2,2
BRDA:73,2,3,2
BRDA:73,2,4,2
BRDA:73,2,5,16
BRDA:115,3,0,4
BRDA:116,4,0,0
BRDA:116,4,1,26
BRDA:142,5,0,20
BRDA:142,5,1,4
BRF:14
BRH:13
end_of_record
TN:
SF:src/components/Scoreboard/Reset.tsx
FN:12,(anonymous_0)
FNF:1
FNH:1
FNDA:8,(anonymous_0)
DA:1,1
DA:3,1
DA:12,1
DA:13,8
DA:15,8
DA:27,1
LF:6
LH:6
BRDA:22,0,0,2
BRDA:22,0,1,6
BRF:2
BRH:2
end_of_record
TN:
SF:src/components/hooks/useMouse.ts
FN:6,(anonymous_0)
FN:11,(anonymous_1)
FN:14,(anonymous_2)
FN:15,(anonymous_3)
FNF:4
FNH:3
FNDA:38,(anonymous_0)
FNDA:0,(anonymous_1)
FNDA:4,(anonymous_2)
FNDA:3,(anonymous_3)
DA:1,3
DA:6,3
DA:7,38
DA:9,38
DA:11,0
DA:14,38
DA:15,38
DA:17,38
LF:8
LH:7
BRF:0
BRH:0
end_of_record
TN:
SF:src/helpers/CellsManipulator.ts
FN:3,(anonymous_0)
FN:17,(anonymous_1)
FN:20,(anonymous_2)
FNF:3
FNH:3
FNDA:41,(anonymous_0)
FNDA:319,(anonymous_1)
FNDA:39,(anonymous_2)
DA:3,3
DA:6,41
DA:17,3
DA:18,319
DA:20,3
DA:21,39
DA:23,39
DA:24,312
DA:25,227
DA:26,227
DA:27,227
DA:28,195
DA:33,39
LF:13
LH:13
BRDA:18,0,0,319
BRDA:18,0,1,285
BRDA:18,0,2,261
BRDA:18,0,3,241
BRDA:24,1,0,227
BRDA:27,2,0,195
BRF:6
BRH:6
end_of_record
TN:
SF:src/helpers/Field.ts
FN:14,(anonymous_0)
FN:17,(anonymous_1)
FN:19,(anonymous_2)
FNF:3
FNH:3
FNDA:9,(anonymous_0)
FNDA:34,(anonymous_1)
FNDA:8,(anonymous_2)
DA:1,3
DA:6,3
DA:14,3
DA:17,34
DA:19,3
DA:20,8
DA:21,2
DA:24,6
DA:25,6
DA:27,6
DA:29,6
DA:30,17
DA:31,110
DA:32,3
DA:34,107
DA:35,32
DA:36,32
DA:37,32
DA:39,107
DA:43,3
LF:20
LH:20
BRDA:16,0,0,8
BRDA:20,1,0,2
BRDA:20,2,0,8
BRDA:20,2,1,7
BRDA:31,3,0,3
BRDA:34,4,0,32
BRF:6
BRH:6
end_of_record
